#! /cs/local/bin/vvp
:ivl_version "10.0 (stable)" "(v10_0)";
:ivl_delay_selection "TYPICAL";
:vpi_time_precision + 0;
:vpi_module "system";
:vpi_module "vhdl_sys";
:vpi_module "v2005_math";
:vpi_module "va_math";
S_0x25172b0 .scope module, "LabK1" "LabK1" 2 1;
 .timescale 0 0;
v0x2517430_0 .var "x", 31 0;
    .scope S_0x25172b0;
T_0 ;
    %vpi_call 2 6 "$display", $time, " ", v0x2517430_0 {0 0 0};
    %pushi/vec4 0, 0, 32;
    %store/vec4 v0x2517430_0, 0, 32;
    %end;
    .thread T_0;
# The file index is used to find the file name in the following table.
:file_names 3;
    "N/A";
    "<interactive>";
    "LabK1.v";
